d:\programming\gameengine\gameengine\debug\vc143.pdb
d:\programming\gameengine\gameengine\debug\vc143.idb
d:\programming\gameengine\gameengine\debug\lve_device.obj
d:\programming\gameengine\gameengine\debug\main.obj
d:\programming\gameengine\gameengine\debug\lve_window.obj
d:\programming\gameengine\gameengine\debug\lve_swap_chain.obj
d:\programming\gameengine\gameengine\debug\lve_pipeline.obj
d:\programming\gameengine\gameengine\debug\lve_model.obj
d:\programming\gameengine\gameengine\debug\first_app.obj
d:\programming\gameengine\gameengine\debug\lve_renderer.obj
d:\programming\gameengine\gameengine\debug\simple_render_system.obj
d:\programming\gameengine\debug\gameengine.exe
d:\programming\gameengine\gameengine\debug\gameengine.ilk
d:\programming\gameengine\debug\gameengine.pdb
d:\programming\gameengine\gameengine\debug\gameengine.tlog\cl.command.1.tlog
d:\programming\gameengine\gameengine\debug\gameengine.tlog\cl.read.1.tlog
d:\programming\gameengine\gameengine\debug\gameengine.tlog\cl.write.1.tlog
d:\programming\gameengine\gameengine\debug\gameengine.tlog\link.command.1.tlog
d:\programming\gameengine\gameengine\debug\gameengine.tlog\link.read.1.tlog
d:\programming\gameengine\gameengine\debug\gameengine.tlog\link.write.1.tlog
